<?xml version="1.0" encoding="UTF-8"?>
<!-- Generated by org.testng.reporters.JUnitReportReporter -->
<testsuite hostname="01HW2308171.local" failures="0" tests="6" name="Practise.testNG_enable" time="0.012" errors="0" timestamp="2023-06-07T15:08:32 GMT-07:00" skipped="2">
  <testcase classname="Practise.testNG_enable" name="test4" time="0.008"/>
  <system-out/>
  <testcase classname="Practise.testNG_enable" name="test3" time="0.001"/>
  <system-out/>
  <testcase classname="Practise.testNG_enable" name="test6" time="0.001"/>
  <system-out/>
  <testcase classname="Practise.testNG_enable" name="test1" time="0.002"/>
  <system-out/>
  <testcase classname="Practise.testNG_enable" name="test2">
    <skipped/>
  </testcase> <!-- test2 -->
  <system-out/>
  <testcase classname="Practise.testNG_enable" name="test5">
    <skipped/>
  </testcase> <!-- test5 -->
  <system-out/>
</testsuite> <!-- Practise.testNG_enable -->
