<?xml version="1.0" encoding="UTF-8"?>
<!-- Generated by org.testng.reporters.JUnitReportReporter -->
<testsuite hostname="01HW2308171.local" failures="0" tests="1" name="Practise.testNG_parameters" time="0.008" errors="0" timestamp="2023-06-08T13:32:59 GMT-07:00" skipped="0">
  <testcase classname="Practise.testNG_parameters" name="params" time="0.008"/>
  <system-out/>
</testsuite> <!-- Practise.testNG_parameters -->
