<?xml version="1.0" encoding="UTF-8"?>
<!-- Generated by org.testng.reporters.JUnitReportReporter -->
<testsuite hostname="01HW2308171.local" failures="0" tests="1" name="Practise.testNG_Annotations" time="0.009" errors="0" timestamp="2023-06-08T14:36:21 GMT-07:00" skipped="0">
  <testcase classname="Practise.testNG_Annotations" name="five" time="0.009"/>
  <system-out/>
</testsuite> <!-- Practise.testNG_Annotations -->
