<?xml version="1.0" encoding="UTF-8"?>
<!-- Generated by org.testng.reporters.JUnitReportReporter -->
<testsuite hostname="01HW2308171.local" failures="0" tests="1" name="Practise.UploadFile" time="18.666" errors="0" timestamp="2023-06-10T23:47:32 GMT-07:00" skipped="0">
  <testcase classname="Practise.UploadFile" name="upload" time="18.666"/>
  <system-out/>
</testsuite> <!-- Practise.UploadFile -->
