<?xml version="1.0" encoding="UTF-8"?>
<!-- Generated by org.testng.reporters.JUnitReportReporter -->
<testsuite hostname="01HW2308171.local" failures="0" tests="4" name="Practise.testNG_Groups" time="0.011" errors="0" timestamp="2023-06-08T12:40:21 GMT-07:00" skipped="0">
  <testcase classname="Practise.testNG_Groups" name="Nokiatest2" time="0.002"/>
  <system-out/>
  <testcase classname="Practise.testNG_Groups" name="Lenovotest1" time="0.007"/>
  <system-out/>
  <testcase classname="Practise.testNG_Groups" name="Nokiatest1" time="0.001"/>
  <system-out/>
  <testcase classname="Practise.testNG_Groups" name="Lenovotest2" time="0.001"/>
  <system-out/>
</testsuite> <!-- Practise.testNG_Groups -->
