<?xml version="1.0" encoding="UTF-8"?>
<!-- Generated by org.testng.reporters.JUnitReportReporter -->
<testsuite hostname="01HW2308171.local" failures="0" tests="8" name="Practise.testNG_Priority" time="0.016" errors="0" timestamp="2023-06-08T11:56:45 GMT-07:00" skipped="0">
  <testcase classname="Practise.testNG_Priority" name="test5" time="0.001"/>
  <system-out/>
  <testcase classname="Practise.testNG_Priority" name="test4" time="0.002"/>
  <system-out/>
  <testcase classname="Practise.testNG_Priority" name="test3" time="0.002"/>
  <system-out/>
  <testcase classname="Practise.testNG_Priority" name="test6" time="0.001"/>
  <system-out/>
  <testcase classname="Practise.testNG_Priority" name="alpha" time="0.005"/>
  <system-out/>
  <testcase classname="Practise.testNG_Priority" name="aalpha" time="0.002"/>
  <system-out/>
  <testcase classname="Practise.testNG_Priority" name="test1" time="0.002"/>
  <system-out/>
  <testcase classname="Practise.testNG_Priority" name="test2" time="0.001"/>
  <system-out/>
</testsuite> <!-- Practise.testNG_Priority -->
