<?xml version="1.0" encoding="UTF-8"?>
<!-- Generated by org.testng.reporters.JUnitReportReporter -->
<testsuite hostname="01HW2308171.local" failures="0" tests="1" name="Practise.calendarPractise" time="19.470" errors="0" timestamp="2023-06-11T12:01:47 GMT-07:00" skipped="0">
  <testcase classname="Practise.calendarPractise" name="calendar" time="19.470"/>
  <system-out/>
</testsuite> <!-- Practise.calendarPractise -->
