<?xml version="1.0" encoding="UTF-8"?>
<!-- Generated by org.testng.reporters.JUnitReportReporter -->
<testsuite hostname="01HW2308171.local" failures="0" tests="1" name="Practise.SikuliPractice" time="9.404" errors="0" timestamp="2023-06-10T22:48:48 GMT-07:00" skipped="0">
  <testcase classname="Practise.SikuliPractice" name="test" time="9.404"/>
  <system-out/>
</testsuite> <!-- Practise.SikuliPractice -->
