<?xml version="1.0" encoding="UTF-8"?>
<!-- Generated by org.testng.reporters.JUnitReportReporter -->
<testsuite hostname="01HW2308171.local" failures="0" tests="6" name="Practise.sampleTestcaseUsing_testNG" time="0.017" errors="0" timestamp="2023-06-07T14:42:57 GMT-07:00" skipped="0">
  <testcase classname="Practise.sampleTestcaseUsing_testNG" name="test2" time="0.001"/>
  <system-out/>
  <testcase classname="Practise.sampleTestcaseUsing_testNG" name="test3" time="0.001"/>
  <system-out/>
  <testcase classname="Practise.sampleTestcaseUsing_testNG" name="test6" time="0.002"/>
  <system-out/>
  <testcase classname="Practise.sampleTestcaseUsing_testNG" name="test4" time="0.003"/>
  <system-out/>
  <testcase classname="Practise.sampleTestcaseUsing_testNG" name="test5" time="0.002"/>
  <system-out/>
  <testcase classname="Practise.sampleTestcaseUsing_testNG" name="test1" time="0.008"/>
  <system-out/>
</testsuite> <!-- Practise.sampleTestcaseUsing_testNG -->
