<?xml version="1.0" encoding="UTF-8"?>
<!-- Generated by org.testng.reporters.JUnitReportReporter -->
<testsuite hostname="01HW2308171.local" failures="0" tests="1" name="Practise.Calendar_retry" time="22.222" errors="0" timestamp="2023-06-12T12:11:59 GMT-07:00" skipped="0">
  <testcase classname="Practise.Calendar_retry" name="test" time="22.222"/>
  <system-out/>
</testsuite> <!-- Practise.Calendar_retry -->
