<?xml version="1.0" encoding="UTF-8"?>
<!-- Generated by org.testng.reporters.JUnitReportReporter -->
<testsuite hostname="01HW2308171.local" failures="0" tests="3" name="Practise.testNG_SuiteExample" time="32.106" errors="0" timestamp="2023-06-08T11:56:45 GMT-07:00" skipped="0">
  <testcase classname="Practise.testNG_SuiteExample" name="Bing" time="1.233"/>
  <system-out/>
  <testcase classname="Practise.testNG_SuiteExample" name="Google" time="14.340"/>
  <system-out/>
  <testcase classname="Practise.testNG_SuiteExample" name="Yahoo" time="16.533"/>
  <system-out/>
</testsuite> <!-- Practise.testNG_SuiteExample -->
