<?xml version="1.0" encoding="UTF-8"?>
<!-- Generated by org.testng.reporters.JUnitReportReporter -->
<testsuite hostname="01HW2308171.local" failures="0" tests="3" name="Practise.testNG_Dependency" time="0.013" errors="0" timestamp="2023-06-07T15:54:12 GMT-07:00" skipped="0">
  <testcase classname="Practise.testNG_Dependency" name="higherSecondary" time="0.001"/>
  <system-out/>
  <testcase classname="Practise.testNG_Dependency" name="highSchool" time="0.010"/>
  <system-out/>
  <testcase classname="Practise.testNG_Dependency" name="collage" time="0.002"/>
  <system-out/>
</testsuite> <!-- Practise.testNG_Dependency -->
