<?xml version="1.0" encoding="UTF-8"?>
<!-- Generated by org.testng.reporters.JUnitReportReporter -->
<testsuite hostname="01HW2308171.local" failures="0" tests="1" name="Practise.testNG_Assertion" time="0.012" errors="0" timestamp="2023-06-08T14:18:28 GMT-07:00" skipped="0">
  <testcase classname="Practise.testNG_Assertion" name="test1" time="0.012"/>
  <system-out/>
</testsuite> <!-- Practise.testNG_Assertion -->
